2023-10-06 16:13:13 INFO     Processing Signal Path: Josh's Signal Path 1
2023-10-06 16:13:13 INFO     Checked Signal Path: Josh's Signal Path 1
2023-10-06 16:13:13 INFO     	Checked Measurement: Frequency Response
2023-10-06 16:13:13 INFO     Josh's Signal Path 1 | Frequency Response | RMS Level -> FAIL
2023-10-06 16:13:13 WARNING  		RMS Level does not have PassedLimitChecks attribute. Setting to False.
2023-10-06 16:13:13 INFO     	Checked Measurement: DC Level
2023-10-06 16:13:13 INFO     Josh's Signal Path 1 | DC Level | DC Level -> PASS
2023-10-06 16:13:13 WARNING  		DC Level does not have PassedLimitChecks attribute. Setting to False.
2023-10-06 16:13:13 INFO     		Found Meter Values for Result: DC Level
2023-10-06 16:13:13 INFO     			Meter Value 0: 0.0032013446291464668
2023-10-06 16:13:13 INFO     			Meter Value 1: -0.008234721973432092
2023-10-06 16:13:13 INFO     Processing Signal Path: Josh's Signal Path 2
2023-10-06 16:13:13 INFO     Processing Signal Path: Josh's Signal Path 3
2023-10-06 16:13:13 INFO     Processing Signal Path: Josh's Signal Path 4
2023-10-06 16:13:13 INFO     Processing Signal Path: Josh's Signal Path 5
2023-10-06 16:13:13 INFO     Processing Signal Path: Signal Path1
2023-10-06 16:13:13 INFO     Total test results: 2
2023-10-06 16:13:13 INFO     Number of failures: 1
2023-10-06 16:13:13 INFO     Number of errors: 0
2023-10-06 16:13:13 INFO     Pass rate: 50.00%
2023-10-06 16:13:13 INFO     Fail rate: 50.00%
2023-10-06 16:13:13 INFO     Error rate: 0.00%
2023-10-06 16:13:13 INFO     List of measurement results that failed: Josh's Signal Path 1 | Frequency Response | RMS Level
2023-10-06 16:13:13 INFO     List of measurement results that errored: 
2023-10-06 16:13:14 WARNING  RMS Level does not have xy values.
2023-10-06 16:13:14 INFO     Meter Values: System.Double[]
2023-10-06 16:13:14 INFO     Meter Values in export_to_excel: System.Double[]
2023-10-06 16:13:14 WARNING  DC Level does not have xy values.
2023-10-06 16:13:14 INFO     Exported data to DUDE1.xlsx.
2023-10-06 16:13:23 INFO     Processing Signal Path 1: Josh's Signal Path 1
2023-10-06 16:13:23 INFO     	Measurement 1: Frequency Response
2023-10-06 16:13:23 INFO     		Result 1: RMS Level
2023-10-06 16:13:23 INFO     Keys present in result['data']: ['xValues', 'yValues']
2023-10-06 16:13:23 WARNING  Existing X values do not match the new data.
2023-10-06 16:13:23 INFO     Data added to new sheet: JSP1_FR_RMS Level_20231006_161323
2023-10-06 16:13:23 INFO     	Measurement 2: DC Level
2023-10-06 16:13:23 INFO     		Result 1: DC Level
2023-10-06 16:13:23 INFO     Data successfully appended to C:/Users/joshual/Documents/Audio Precision/APx500 Python Example/APxDataExtractor/DUDE1.xlsx
